 WARN  Unsupported engine: wanted: {"node":"^20.19.0 || >=22.13.0"} (current: {"node":"v18.17.1","pnpm":"10.33.0"})
╭───╮
│   │
╰───╯
Port 8848 is in use, trying another one...
Port 8849 is in use, trying another one...

  [32m[1mVITE[22m v7.3.0[39m  [2mready in [0m[1m1626[22m[2m[0m ms[22m

  [32m➜[39m  [1mLocal[22m:   [36mhttps://localhost:[1m8850[22m/[39m
  [32m➜[39m  [1mNetwork[22m: [36mhttps://192.168.1.10:[1m8850[22m/[39m
[2m[32m  ➜[39m[22m[2m  press [22m[1mh + enter[22m[2m to show help[22m
[2m10:08:50[22m [36m[1m[vite][22m[39m [90m[2m(client)[22m[39m [32mhmr update [39m[2m/src/style/tailwind.css[22m
[2m10:09:11[22m [36m[1m[vite][22m[39m [90m[2m(client)[22m[39m [32mhmr update [39m[2m/src/style/tailwind.css[22m
[2m10:09:11[22m [36m[1m[vite][22m[39m [90m[2m(client)[22m[39m [32mhmr update [39m[2m/src/style/tailwind.css[22m
[2m10:09:11[22m [36m[1m[vite][22m[39m [90m[2m(client)[22m[39m [32mhmr update [39m[2m/src/style/tailwind.css[22m
[2m10:10:32[22m [36m[1m[vite][22m[39m [90m[2m(client)[22m[39m [32mhmr update [39m[2m/src/style/tailwind.css[22m
[2m10:10:32[22m [36m[1m[vite][22m[39m [90m[2m(client)[22m[39m [32mhmr update [39m[2m/src/style/tailwind.css[22m
[2m10:11:20[22m [36m[1m[vite][22m[39m [90m[2m(client)[22m[39m [32mhmr update [39m[2m/src/style/tailwind.css[22m
[2m10:11:20[22m [36m[1m[vite][22m[39m [90m[2m(client)[22m[39m [32mhmr update [39m[2m/src/style/tailwind.css[22m
[2m10:13:39[22m [36m[1m[vite][22m[39m [32mvite.config.js changed, restarting server...[39m
╭───╮
│   │
╰───╯
[2m10:13:39[22m [36m[1m[vite][22m[39m server restarted.

  [32m➜[39m  [1mLocal[22m:   [36mhttp://localhost:[1m8850[22m/[39m
  [32m➜[39m  [1mNetwork[22m: [36mhttp://192.168.1.10:[1m8850[22m/[39m
[2m10:17:47[22m [36m[1m[vite][22m[39m [90m[2m(client)[22m[39m [32mhmr update [39m[2m/src/style/tailwind.css[22m
[2m10:18:05[22m [36m[1m[vite][22m[39m [90m[2m(client)[22m[39m [32mhmr update [39m[2m/src/style/tailwind.css[22m
[2m10:22:25[22m [36m[1m[vite][22m[39m [90m[2m(client)[22m[39m [32mhmr update [39m[2m/src/style/tailwind.css[22m
[2m12:39:24[22m [36m[1m[vite][22m[39m [90m[2m(client)[22m[39m [32mhmr update [39m[2m/src/style/tailwind.css[22m
[2m12:39:24[22m [36m[1m[vite][22m[39m [90m[2m(client)[22m[39m [32mhmr update [39m[2m/src/style/tailwind.css[22m
[2m12:39:24[22m [36m[1m[vite][22m[39m [90m[2m(client)[22m[39m [32mhmr update [39m[2m/src/style/tailwind.css[22m
[2m12:39:51[22m [36m[1m[vite][22m[39m [90m[2m(client)[22m[39m [32mhmr update [39m[2m/src/style/tailwind.css[22m
[2m12:39:51[22m [36m[1m[vite][22m[39m [90m[2m(client)[22m[39m [32mhmr update [39m[2m/src/style/tailwind.css[22m
[2m12:39:51[22m [36m[1m[vite][22m[39m [90m[2m(client)[22m[39m [32mhmr update [39m[2m/src/style/tailwind.css[22m
[2m13:19:30[22m [36m[1m[vite][22m[39m [90m[2m(client)[22m[39m [32mhmr update [39m[2m/src/style/tailwind.css[22m
[2m13:19:55[22m [36m[1m[vite][22m[39m [90m[2m(client)[22m[39m [32mhmr update [39m[2m/src/style/tailwind.css[22m
[2m14:25:38[22m [36m[1m[vite][22m[39m [90m[2m(client)[22m[39m [32mhmr update [39m[2m/src/style/tailwind.css[22m
[2m14:26:06[22m [36m[1m[vite][22m[39m [90m[2m(client)[22m[39m [32mhmr update [39m[2m/src/style/tailwind.css[22m
[2m14:26:33[22m [36m[1m[vite][22m[39m [90m[2m(client)[22m[39m [32mhmr update [39m[2m/src/style/tailwind.css[22m
[2m15:00:19[22m [36m[1m[vite][22m[39m [90m[2m(client)[22m[39m [32mhmr update [39m[2m/src/style/tailwind.css[22m
[2m15:19:26[22m [36m[1m[vite][22m[39m [90m[2m(client)[22m[39m [32mhmr update [39m[2m/src/style/tailwind.css[22m
[2m15:19:43[22m [36m[1m[vite][22m[39m [90m[2m(client)[22m[39m [32mhmr update [39m[2m/src/style/tailwind.css[22m
[2m15:24:53[22m [36m[1m[vite][22m[39m [90m[2m(client)[22m[39m [32mhmr update [39m[2m/src/style/tailwind.css[22m
[2m15:25:15[22m [36m[1m[vite][22m[39m [90m[2m(client)[22m[39m [32mhmr update [39m[2m/src/style/tailwind.css[22m
[2m15:25:35[22m [36m[1m[vite][22m[39m [90m[2m(client)[22m[39m [32mhmr update [39m[2m/src/style/tailwind.css[22m
[2m15:26:09[22m [36m[1m[vite][22m[39m [90m[2m(client)[22m[39m [32mhmr update [39m[2m/src/style/tailwind.css[22m
[2m15:31:29[22m [36m[1m[vite][22m[39m [90m[2m(client)[22m[39m [32mhmr update [39m[2m/src/style/tailwind.css[22m
[2m15:41:25[22m [36m[1m[vite][22m[39m [90m[2m(client)[22m[39m [32mhmr update [39m[2m/src/style/tailwind.css[22m
[2m15:41:42[22m [36m[1m[vite][22m[39m [90m[2m(client)[22m[39m [32mhmr update [39m[2m/src/style/tailwind.css[22m
[2m15:42:16[22m [36m[1m[vite][22m[39m [90m[2m(client)[22m[39m [32mhmr update [39m[2m/src/style/tailwind.css[22m
[2m15:42:32[22m [36m[1m[vite][22m[39m [90m[2m(client)[22m[39m [32mhmr update [39m[2m/src/style/tailwind.css[22m
[2m15:43:02[22m [36m[1m[vite][22m[39m [90m[2m(client)[22m[39m [32mhmr update [39m[2m/src/style/tailwind.css[22m
[2m15:43:22[22m [36m[1m[vite][22m[39m [90m[2m(client)[22m[39m [32mhmr update [39m[2m/src/style/tailwind.css[22m
[2m15:43:48[22m [36m[1m[vite][22m[39m [90m[2m(client)[22m[39m [32mhmr update [39m[2m/src/style/tailwind.css[22m
[2m15:43:56[22m [36m[1m[vite][22m[39m [90m[2m(client)[22m[39m [32mhmr update [39m[2m/src/style/tailwind.css[22m
[2m15:44:32[22m [36m[1m[vite][22m[39m [90m[2m(client)[22m[39m [32mhmr update [39m[2m/src/style/tailwind.css[22m
[2m15:45:04[22m [36m[1m[vite][22m[39m [90m[2m(client)[22m[39m [32mhmr update [39m[2m/src/style/tailwind.css[22m
[2m15:49:39[22m [36m[1m[vite][22m[39m [90m[2m(client)[22m[39m [32mhmr update [39m[2m/src/style/tailwind.css[22m
[2m15:49:56[22m [36m[1m[vite][22m[39m [90m[2m(client)[22m[39m [32mhmr update [39m[2m/src/style/tailwind.css[22m
[2m15:50:15[22m [36m[1m[vite][22m[39m [90m[2m(client)[22m[39m [32mhmr update [39m[2m/src/style/tailwind.css[22m
[2m15:50:45[22m [36m[1m[vite][22m[39m [90m[2m(client)[22m[39m [32mhmr update [39m[2m/src/style/tailwind.css[22m
[2m15:50:45[22m [36m[1m[vite][22m[39m [90m[2m(client)[22m[39m [32mhmr update [39m[2m/src/style/tailwind.css[22m
[2m15:53:40[22m [36m[1m[vite][22m[39m [90m[2m(client)[22m[39m [32mhmr update [39m[2m/src/style/tailwind.css[22m
[2m15:53:56[22m [36m[1m[vite][22m[39m [90m[2m(client)[22m[39m [32mhmr update [39m[2m/src/style/tailwind.css[22m
[2m16:03:10[22m [36m[1m[vite][22m[39m [90m[2m(client)[22m[39m [32mhmr update [39m[2m/src/style/tailwind.css[22m
[2m16:03:21[22m [36m[1m[vite][22m[39m [90m[2m(client)[22m[39m [32mhmr update [39m[2m/src/style/tailwind.css[22m
[2m16:03:41[22m [36m[1m[vite][22m[39m [90m[2m(client)[22m[39m [32mhmr update [39m[2m/src/style/tailwind.css[22m
[2m16:03:55[22m [36m[1m[vite][22m[39m [90m[2m(client)[22m[39m [32mhmr update [39m[2m/src/style/tailwind.css[22m
[2m16:04:06[22m [36m[1m[vite][22m[39m [90m[2m(client)[22m[39m [32mhmr update [39m[2m/src/style/tailwind.css[22m
[2m16:09:56[22m [36m[1m[vite][22m[39m [32mvite.config.js changed, restarting server...[39m
╭───╮
│   │
╰───╯
[2m16:09:57[22m [36m[1m[vite][22m[39m server restarted.
[2m16:10:17[22m [36m[1m[vite][22m[39m [32mvite.config.js changed, restarting server...[39m
╭───╮
│   │
╰───╯
[2m16:10:18[22m [36m[1m[vite][22m[39m server restarted.
[2m16:13:47[22m [36m[1m[vite][22m[39m [90m[2m(client)[22m[39m [32mhmr update [39m[2m/src/style/tailwind.css[22m
[2m16:14:34[22m [36m[1m[vite][22m[39m [90m[2m(client)[22m[39m [32mhmr update [39m[2m/src/style/tailwind.css[22m
[2m16:15:01[22m [36m[1m[vite][22m[39m [90m[2m(client)[22m[39m [32mhmr update [39m[2m/src/style/tailwind.css[22m
[2m16:15:17[22m [36m[1m[vite][22m[39m [90m[2m(client)[22m[39m [32mhmr update [39m[2m/src/style/tailwind.css[22m
[2m16:15:28[22m [36m[1m[vite][22m[39m [90m[2m(client)[22m[39m [32mhmr update [39m[2m/src/style/tailwind.css[22m
[2m16:15:49[22m [36m[1m[vite][22m[39m [90m[2m(client)[22m[39m [32mhmr update [39m[2m/src/style/tailwind.css[22m
[2m16:25:51[22m [36m[1m[vite][22m[39m [90m[2m(client)[22m[39m [32mhmr update [39m[2m/src/style/tailwind.css[22m
[2m16:26:11[22m [36m[1m[vite][22m[39m [90m[2m(client)[22m[39m [32mhmr update [39m[2m/src/style/tailwind.css[22m
[2m16:26:29[22m [36m[1m[vite][22m[39m [90m[2m(client)[22m[39m [32mhmr update [39m[2m/src/style/tailwind.css[22m
[2m16:26:38[22m [36m[1m[vite][22m[39m [32mpackage.json changed, restarting server...[39m
╭───╮
│   │
╰───╯
[2m16:26:38[22m [36m[1m[vite][22m[39m server restarted.
[2m16:26:53[22m [36m[1m[vite][22m[39m [32mpackage.json changed, restarting server...[39m
╭───╮
│   │
╰───╯
[2m16:26:54[22m [36m[1m[vite][22m[39m [90m[2m(client)[22m[39m Re-optimizing dependencies because lockfile has changed
[2m16:26:54[22m [36m[1m[vite][22m[39m server restarted.
[2m16:27:05[22m [36m[1m[vite][22m[39m [90m[2m(client)[22m[39m [32mhmr update [39m[2m/src/style/tailwind.css[22m
[2m16:27:05[22m [36m[1m[vite][22m[39m [90m[2m(client)[22m[39m [32mhmr update [39m[2m/src/style/tailwind.css[22m
[2m16:37:27[22m [36m[1m[vite][22m[39m [32mpackage.json changed, restarting server...[39m
╭───╮
│   │
╰───╯
[2m16:37:28[22m [36m[1m[vite][22m[39m [90m[2m(client)[22m[39m Re-optimizing dependencies because lockfile has changed
[2m16:37:28[22m [36m[1m[vite][22m[39m server restarted.
[2m16:38:13[22m [36m[1m[vite][22m[39m [90m[2m(client)[22m[39m [32mhmr update [39m[2m/src/style/tailwind.css[22m
[2m16:38:24[22m [36m[1m[vite][22m[39m [90m[2m(client)[22m[39m [32mhmr update [39m[2m/src/style/tailwind.css[22m
[2m16:38:43[22m [36m[1m[vite][22m[39m [90m[2m(client)[22m[39m [32mpage reload [39m[2msrc/views/handover/documents/components/ImageViewer.vue[22m
[2m16:38:56[22m [36m[1m[vite][22m[39m [90m[2m(client)[22m[39m [32mpage reload [39m[2msrc/views/handover/documents/components/TextViewer.vue[22m
[2m16:39:13[22m [36m[1m[vite][22m[39m [90m[2m(client)[22m[39m [32mpage reload [39m[2msrc/views/handover/documents/components/MarkdownViewer.vue[22m
[2m16:39:28[22m [36m[1m[vite][22m[39m [90m[2m(client)[22m[39m [32mpage reload [39m[2msrc/views/handover/documents/components/DocxViewer.vue[22m
[2m16:39:47[22m [36m[1m[vite][22m[39m [90m[2m(client)[22m[39m [32mpage reload [39m[2msrc/views/handover/documents/components/OfficeViewer.vue[22m
[2m16:39:54[22m [36m[1m[vite][22m[39m [90m[2m(client)[22m[39m [32mpage reload [39m[2msrc/views/handover/documents/components/MediaViewer.vue[22m
[2m16:40:28[22m [36m[1m[vite][22m[39m [90m[2m(client)[22m[39m [32mpage reload [39m[2msrc/views/handover/documents/components/FilePreview.vue[22m
[2m16:40:50[22m [36m[1m[vite][22m[39m [90m[2m(client)[22m[39m [32mhmr update [39m[2m/src/style/tailwind.css[22m
[2m16:40:59[22m [36m[1m[vite][22m[39m [90m[2m(client)[22m[39m [32mhmr update [39m[2m/src/style/tailwind.css[22m
[2m16:41:43[22m [36m[1m[vite][22m[39m [90m[2m(client)[22m[39m [32mhmr update [39m[2m/src/style/tailwind.css[22m
[2m16:41:55[22m [36m[1m[vite][22m[39m [90m[2m(client)[22m[39m [32mhmr update [39m[2m/src/style/tailwind.css[22m
[2m16:42:28[22m [36m[1m[vite][22m[39m [90m[2m(client)[22m[39m [32mhmr update [39m[2m/src/style/tailwind.css[22m
[2m16:42:49[22m [36m[1m[vite][22m[39m [90m[2m(client)[22m[39m [32mhmr update [39m[2m/src/style/tailwind.css[22m
[2m16:43:20[22m [36m[1m[vite][22m[39m [32mpackage.json changed, restarting server...[39m
╭───╮
│   │
╰───╯
[2m16:43:20[22m [36m[1m[vite][22m[39m [90m[2m(client)[22m[39m Re-optimizing dependencies because lockfile has changed
[2m16:43:21[22m [36m[1m[vite][22m[39m server restarted.
[2m16:52:47[22m [36m[1m[vite][22m[39m [90m[2m(client)[22m[39m [32mhmr update [39m[2m/src/style/tailwind.css[22m
[2m17:33:01[22m [36m[1m[vite][22m[39m [90m[2m(client)[22m[39m [32mhmr update [39m[2m/src/style/tailwind.css[22m
[2m17:33:01[22m [36m[1m[vite][22m[39m [90m[2m(client)[22m[39m [32mhmr update [39m[2m/src/style/tailwind.css[22m
[2m17:33:01[22m [36m[1m[vite][22m[39m [90m[2m(client)[22m[39m [32mhmr update [39m[2m/src/style/tailwind.css[22m
[2m17:33:01[22m [36m[1m[vite][22m[39m [90m[2m(client)[22m[39m [32mhmr update [39m[2m/src/style/tailwind.css[22m
[2m17:33:01[22m [36m[1m[vite][22m[39m [90m[2m(client)[22m[39m [32mhmr update [39m[2m/src/style/tailwind.css[22m
[2m17:33:01[22m [36m[1m[vite][22m[39m [90m[2m(client)[22m[39m [32mhmr update [39m[2m/src/style/tailwind.css[22m
[2m17:33:02[22m [36m[1m[vite][22m[39m [90m[2m(client)[22m[39m [32mhmr update [39m[2m/src/style/tailwind.css[22m
[2m17:33:02[22m [36m[1m[vite][22m[39m [90m[2m(client)[22m[39m [32mhmr update [39m[2m/src/style/tailwind.css[22m
[2m17:33:02[22m [36m[1m[vite][22m[39m [90m[2m(client)[22m[39m [32mhmr update [39m[2m/src/style/tailwind.css[22m
[2m17:33:02[22m [36m[1m[vite][22m[39m [90m[2m(client)[22m[39m [32mhmr update [39m[2m/src/style/tailwind.css[22m
[2m17:35:32[22m [36m[1m[vite][22m[39m [90m[2m(client)[22m[39m [32mhmr update [39m[2m/src/style/tailwind.css[22m
[2m17:35:43[22m [36m[1m[vite][22m[39m [90m[2m(client)[22m[39m [32mhmr update [39m[2m/src/style/tailwind.css[22m
[2m17:36:05[22m [36m[1m[vite][22m[39m [90m[2m(client)[22m[39m [32mhmr update [39m[2m/src/style/tailwind.css[22m
[2m18:17:49[22m [36m[1m[vite][22m[39m [90m[2m(client)[22m[39m [32mhmr update [39m[2m/src/style/tailwind.css[22m
[2m18:18:14[22m [36m[1m[vite][22m[39m [90m[2m(client)[22m[39m [32mhmr update [39m[2m/src/style/tailwind.css[22m
[2m18:18:43[22m [36m[1m[vite][22m[39m [90m[2m(client)[22m[39m [32mhmr update [39m[2m/src/style/tailwind.css[22m
[2m18:19:09[22m [36m[1m[vite][22m[39m [90m[2m(client)[22m[39m [32mhmr update [39m[2m/src/style/tailwind.css[22m
[2m18:19:22[22m [36m[1m[vite][22m[39m [90m[2m(client)[22m[39m [32mhmr update [39m[2m/src/style/tailwind.css[22m
[2m18:19:31[22m [36m[1m[vite][22m[39m [90m[2m(client)[22m[39m [32mhmr update [39m[2m/src/style/tailwind.css[22m
[2m18:20:04[22m [36m[1m[vite][22m[39m [90m[2m(client)[22m[39m [32mhmr update [39m[2m/src/style/tailwind.css[22m
[2m18:20:25[22m [36m[1m[vite][22m[39m [90m[2m(client)[22m[39m [32mhmr update [39m[2m/src/style/tailwind.css[22m
[2m18:20:43[22m [36m[1m[vite][22m[39m [90m[2m(client)[22m[39m [32mhmr update [39m[2m/src/style/tailwind.css[22m
[2m18:21:15[22m [36m[1m[vite][22m[39m [90m[2m(client)[22m[39m [32mhmr update [39m[2m/src/style/tailwind.css[22m
[2m18:21:15[22m [36m[1m[vite][22m[39m [90m[2m(client)[22m[39m [32mhmr update [39m[2m/src/style/tailwind.css[22m
[2m18:21:15[22m [36m[1m[vite][22m[39m [90m[2m(client)[22m[39m [32mhmr update [39m[2m/src/style/tailwind.css[22m
[2m18:23:38[22m [36m[1m[vite][22m[39m [90m[2m(client)[22m[39m [32mhmr update [39m[2m/src/style/tailwind.css[22m
[2m18:23:57[22m [36m[1m[vite][22m[39m [90m[2m(client)[22m[39m [32mhmr update [39m[2m/src/style/tailwind.css[22m
[2m18:27:43[22m [36m[1m[vite][22m[39m [90m[2m(client)[22m[39m [32mhmr update [39m[2m/src/style/tailwind.css[22m
[2m18:27:58[22m [36m[1m[vite][22m[39m [90m[2m(client)[22m[39m [32mhmr update [39m[2m/src/style/tailwind.css[22m
[2m18:28:22[22m [36m[1m[vite][22m[39m [90m[2m(client)[22m[39m [32mhmr update [39m[2m/src/style/tailwind.css[22m
[2m18:31:58[22m [36m[1m[vite][22m[39m [90m[2m(client)[22m[39m [32mhmr update [39m[2m/src/style/tailwind.css[22m
[2m18:32:14[22m [36m[1m[vite][22m[39m [90m[2m(client)[22m[39m [32mhmr update [39m[2m/src/style/tailwind.css[22m
[2m18:37:38[22m [36m[1m[vite][22m[39m [32mvite.config.js changed, restarting server...[39m
╭───╮
│   │
╰───╯
[2m18:37:38[22m [36m[1m[vite][22m[39m server restarted.
[2m18:37:41[22m [36m[1m[vite][22m[39m [32mvite.config.js changed, restarting server...[39m
╭───╮
│   │
╰───╯
[2m18:37:42[22m [36m[1m[vite][22m[39m server restarted.
[2m18:37:46[22m [36m[1m[vite][22m[39m [32mvite.config.js changed, restarting server...[39m
╭───╮
│   │
╰───╯
[2m18:37:46[22m [36m[1m[vite][22m[39m server restarted.
[2m18:37:48[22m [36m[1m[vite][22m[39m [32mvite.config.js changed, restarting server...[39m
╭───╮
│   │
╰───╯
[2m18:37:49[22m [36m[1m[vite][22m[39m server restarted.
[2m18:39:46[22m [36m[1m[vite][22m[39m [90m[2m(client)[22m[39m [32mhmr update [39m[2m/src/style/tailwind.css[22m
[2m18:39:54[22m [36m[1m[vite][22m[39m [32m.env.development changed, restarting server...[39m
╭───╮
│   │
╰───╯
[2m18:39:54[22m [36m[1m[vite][22m[39m server restarted.
[2m18:40:04[22m [36m[1m[vite][22m[39m [90m[2m(client)[22m[39m [32mhmr update [39m[2m/src/style/tailwind.css[22m
[2m18:40:18[22m [36m[1m[vite][22m[39m [90m[2m(client)[22m[39m [32mhmr update [39m[2m/src/style/tailwind.css[22m
[2m18:40:32[22m [36m[1m[vite][22m[39m [90m[2m(client)[22m[39m [32mhmr update [39m[2m/src/style/tailwind.css[22m
[2m18:40:43[22m [36m[1m[vite][22m[39m [90m[2m(client)[22m[39m [32mhmr update [39m[2m/src/style/tailwind.css[22m
[2m18:40:52[22m [36m[1m[vite][22m[39m [90m[2m(client)[22m[39m [32mhmr update [39m[2m/src/style/tailwind.css[22m
[2m19:46:20[22m [36m[1m[vite][22m[39m [90m[2m(client)[22m[39m [32mhmr update [39m[2m/src/style/tailwind.css[22m
[2m19:46:28[22m [36m[1m[vite][22m[39m [90m[2m(client)[22m[39m [32mhmr update [39m[2m/src/style/tailwind.css[22m
[2m19:46:38[22m [36m[1m[vite][22m[39m [90m[2m(client)[22m[39m [32mhmr update [39m[2m/src/style/tailwind.css[22m
[2m19:47:02[22m [36m[1m[vite][22m[39m [90m[2m(client)[22m[39m [32mhmr update [39m[2m/src/style/tailwind.css[22m
[2m19:47:50[22m [36m[1m[vite][22m[39m [90m[2m(client)[22m[39m [32mhmr update [39m[2m/src/style/tailwind.css[22m
[2m19:48:11[22m [36m[1m[vite][22m[39m [90m[2m(client)[22m[39m [32mhmr update [39m[2m/src/style/tailwind.css[22m
[2m19:48:18[22m [36m[1m[vite][22m[39m [90m[2m(client)[22m[39m [32mhmr update [39m[2m/src/style/tailwind.css[22m
[2m19:48:29[22m [36m[1m[vite][22m[39m [90m[2m(client)[22m[39m [32mhmr update [39m[2m/src/style/tailwind.css[22m
[2m19:48:46[22m [36m[1m[vite][22m[39m [90m[2m(client)[22m[39m [32mhmr update [39m[2m/src/style/tailwind.css[22m
[2m19:48:53[22m [36m[1m[vite][22m[39m [90m[2m(client)[22m[39m [32mhmr update [39m[2m/src/style/tailwind.css[22m
[2m19:49:06[22m [36m[1m[vite][22m[39m [90m[2m(client)[22m[39m [32mhmr update [39m[2m/src/style/tailwind.css[22m
[2m19:49:33[22m [36m[1m[vite][22m[39m [90m[2m(client)[22m[39m [32mhmr update [39m[2m/src/style/tailwind.css[22m
[2m19:49:40[22m [36m[1m[vite][22m[39m [90m[2m(client)[22m[39m [32mhmr update [39m[2m/src/style/tailwind.css[22m
[2m19:49:59[22m [36m[1m[vite][22m[39m [90m[2m(client)[22m[39m [32mhmr update [39m[2m/src/style/tailwind.css[22m
[2m19:49:59[22m [36m[1m[vite][22m[39m [90m[2m(client)[22m[39m [32mhmr update [39m[2m/src/style/tailwind.css[22m
[2m19:49:59[22m [36m[1m[vite][22m[39m [90m[2m(client)[22m[39m [32mhmr update [39m[2m/src/style/tailwind.css[22m
